SF:lib/core/utils/movie_validator.dart
DA:4,1
DA:5,2
DA:8,3
DA:14,1
DA:15,2
DA:18,3
DA:24,1
DA:25,1
DA:26,1
LF:9
LH:9
end_of_record
SF:lib/core/utils/id_generator.dart
DA:4,1
DA:7,1
DA:8,1
DA:9,1
DA:11,4
DA:16,1
DA:17,4
LF:7
LH:7
end_of_record
SF:lib/data/models/movie_model.g.dart
DA:13,0
DA:15,0
DA:16,0
DA:17,0
DA:19,0
DA:20,0
DA:21,0
DA:22,0
DA:23,0
DA:27,0
DA:30,0
DA:31,0
DA:32,0
DA:33,0
DA:34,0
DA:35,0
DA:36,0
DA:37,0
DA:38,0
DA:41,0
DA:42,0
DA:44,0
DA:47,0
DA:48,0
DA:49,0
LF:25
LH:0
end_of_record
SF:lib/data/models/movie_model.dart
DA:20,2
DA:25,1
DA:32,1
DA:33,1
DA:34,1
DA:35,1
DA:36,1
DA:37,1
DA:41,1
DA:42,1
DA:43,1
DA:44,1
DA:45,1
DA:46,1
DA:50,1
DA:57,1
DA:58,1
DA:59,0
DA:60,1
DA:61,0
DA:65,1
DA:66,1
DA:67,1
DA:68,1
DA:69,1
DA:70,1
DA:74,1
DA:75,1
DA:76,1
DA:77,1
DA:78,1
DA:79,1
LF:32
LH:30
end_of_record
SF:lib/domain/entities/movie.dart
DA:4,5
DA:16,0
DA:22,0
DA:23,0
DA:24,0
DA:25,0
DA:26,0
DA:30,0
DA:31,0
LF:9
LH:1
end_of_record
SF:lib/domain/usecases/get_movies.dart
DA:9,1
DA:11,1
DA:12,2
LF:3
LH:3
end_of_record
SF:lib/domain/usecases/add_movie.dart
DA:9,1
DA:11,1
DA:12,2
LF:3
LH:3
end_of_record
SF:lib/domain/usecases/delete_movie.dart
DA:8,1
DA:10,1
DA:11,2
LF:3
LH:3
end_of_record
SF:lib/domain/usecases/toggle_favorite.dart
DA:8,1
DA:10,1
DA:11,2
LF:3
LH:3
end_of_record
SF:lib/core/error/failures.dart
DA:2,1
DA:7,1
DA:11,0
DA:15,0
LF:4
LH:2
end_of_record
SF:lib/presentation/widgets/custom_text_field.dart
DA:13,1
DA:25,1
DA:27,1
DA:29,1
DA:30,1
DA:31,1
DA:32,1
DA:33,1
DA:34,1
DA:35,1
DA:36,3
DA:37,2
DA:38,1
DA:39,1
DA:40,2
DA:42,1
DA:43,1
DA:44,1
DA:45,2
DA:49,1
DA:50,1
DA:53,1
DA:54,1
DA:58,1
DA:60,1
DA:61,1
DA:62,1
LF:27
LH:27
end_of_record
SF:lib/presentation/widgets/movie_card.dart
DA:9,2
DA:16,2
DA:18,2
DA:21,2
DA:22,6
DA:24,2
DA:27,2
DA:29,2
DA:33,1
DA:34,1
DA:36,0
DA:37,2
DA:39,2
DA:41,2
DA:42,2
DA:43,2
DA:44,2
DA:45,2
DA:46,4
DA:47,8
DA:52,2
DA:53,2
DA:54,2
DA:55,4
DA:56,4
DA:59,4
DA:63,2
DA:64,2
DA:71,2
DA:72,4
DA:73,6
DA:77,6
DA:79,2
DA:84,2
DA:85,2
DA:86,2
DA:87,2
DA:88,2
DA:108,1
DA:109,1
DA:111,2
DA:113,4
DA:114,1
DA:115,1
DA:116,3
DA:119,1
DA:120,0
DA:121,1
LF:48
LH:46
end_of_record
